<?xml version="1.0" encoding="UTF-8"?>
<!-- Generated by org.testng.reporters.JUnitXMLReporter -->
<testsuite hostname="LAPTOP-J31A8EHA" ignored="0" name="Test" tests="6" failures="0" timestamp="2022-02-27T14:21:45 IST" time="0.027" errors="0">
  <testcase name="Appium1" time="0.003" classname="qaclickacademy.AppiumTest"/>
  <testcase name="Appium2" time="0.0" classname="qaclickacademy.AppiumTest"/>
  <testcase name="SeleniumTest1" time="0.0" classname="qaclickacademy.SeleniumTest"/>
  <testcase name="SeleniumTest2" time="0.0" classname="qaclickacademy.SeleniumTest"/>
  <testcase name="RestApiTest1" time="0.0" classname="qaclickacademy.RestApiTest"/>
  <testcase name="RestApiTest2" time="0.0" classname="qaclickacademy.RestApiTest"/>
</testsuite> <!-- Test -->
