<?xml version="1.0" encoding="UTF-8"?>
<testng-results skipped="0" failed="0" ignored="0" total="2" passed="2">
  <reporter-output>
  </reporter-output>
  <suite name="Surefire suite" duration-ms="51" started-at="2022-02-27T15:40:59 IST" finished-at="2022-02-27T15:40:59 IST">
    <groups>
    </groups>
    <test name="Surefire test" duration-ms="51" started-at="2022-02-27T15:40:59 IST" finished-at="2022-02-27T15:40:59 IST">
      <class name="qaclickacademy.AppiumTest">
        <test-method status="PASS" signature="Appium1()[pri:0, instance:qaclickacademy.AppiumTest@3712b94]" name="Appium1" duration-ms="6" started-at="2022-02-27T15:40:59 IST" finished-at="2022-02-27T15:40:59 IST">
          <reporter-output>
          </reporter-output>
        </test-method> <!-- Appium1 -->
        <test-method status="PASS" signature="Appium2()[pri:0, instance:qaclickacademy.AppiumTest@3712b94]" name="Appium2" duration-ms="0" started-at="2022-02-27T15:40:59 IST" finished-at="2022-02-27T15:40:59 IST">
          <reporter-output>
          </reporter-output>
        </test-method> <!-- Appium2 -->
      </class> <!-- qaclickacademy.AppiumTest -->
    </test> <!-- Surefire test -->
  </suite> <!-- Surefire suite -->
</testng-results>
